<?xml version="1.0" encoding="UTF-8"?>
<testsuite xmlns:xsi="http://www.w3.org/2001/XMLSchema-instance" xsi:noNamespaceSchemaLocation="https://maven.apache.org/surefire/maven-surefire-plugin/xsd/surefire-test-report-3.0.xsd" version="3.0" name="com.netcracker.eductr.tasks.tests.T5_ArrayTaskListEqualsTest" time="0.005" tests="6" errors="0" skipped="0" failures="3">
  <properties>
    <property name="sun.desktop" value="windows"/>
    <property name="awt.toolkit" value="sun.awt.windows.WToolkit"/>
    <property name="java.specification.version" value="11"/>
    <property name="sun.cpu.isalist" value="amd64"/>
    <property name="sun.jnu.encoding" value="Cp1251"/>
    <property name="java.class.path" value="C:\Users\shimo\Desktop\NetCracker\NCTaskManager\target\test-classes;C:\Users\shimo\Desktop\NetCracker\NCTaskManager\target\classes;C:\Users\shimo\.m2\repository\junit\junit\4.12\junit-4.12.jar;C:\Users\shimo\.m2\repository\org\hamcrest\hamcrest-core\1.3\hamcrest-core-1.3.jar;C:\Users\shimo\.m2\repository\org\hamcrest\hamcrest-all\1.3\hamcrest-all-1.3.jar;"/>
    <property name="java.vm.vendor" value="Oracle Corporation"/>
    <property name="sun.arch.data.model" value="64"/>
    <property name="user.variant" value=""/>
    <property name="java.vendor.url" value="https://openjdk.java.net/"/>
    <property name="user.timezone" value="Europe/Helsinki"/>
    <property name="java.vm.specification.version" value="11"/>
    <property name="os.name" value="Windows 10"/>
    <property name="sun.java.launcher" value="SUN_STANDARD"/>
    <property name="user.country" value="RU"/>
    <property name="sun.boot.library.path" value="C:\Program Files\Java\jdk-11.0.8\bin"/>
    <property name="sun.java.command" value="C:\Users\shimo\AppData\Local\Temp\surefire14187642152201764106\surefirebooter5557979170086399463.jar C:\Users\shimo\AppData\Local\Temp\surefire14187642152201764106 2021-10-12T23-45-07_639-jvmRun1 surefire11752944805266853119tmp surefire_03478094723362127545tmp"/>
    <property name="jdk.debug" value="release"/>
    <property name="surefire.test.class.path" value="C:\Users\shimo\Desktop\NetCracker\NCTaskManager\target\test-classes;C:\Users\shimo\Desktop\NetCracker\NCTaskManager\target\classes;C:\Users\shimo\.m2\repository\junit\junit\4.12\junit-4.12.jar;C:\Users\shimo\.m2\repository\org\hamcrest\hamcrest-core\1.3\hamcrest-core-1.3.jar;C:\Users\shimo\.m2\repository\org\hamcrest\hamcrest-all\1.3\hamcrest-all-1.3.jar;"/>
    <property name="sun.cpu.endian" value="little"/>
    <property name="user.home" value="C:\Users\shimo"/>
    <property name="user.language" value="ru"/>
    <property name="java.specification.vendor" value="Oracle Corporation"/>
    <property name="java.version.date" value="2020-07-14"/>
    <property name="java.home" value="C:\Program Files\Java\jdk-11.0.8"/>
    <property name="file.separator" value="\"/>
    <property name="basedir" value="C:\Users\shimo\Desktop\NetCracker\NCTaskManager"/>
    <property name="java.vm.compressedOopsMode" value="32-bit"/>
    <property name="line.separator" value="&#10;"/>
    <property name="java.specification.name" value="Java Platform API Specification"/>
    <property name="java.vm.specification.vendor" value="Oracle Corporation"/>
    <property name="java.awt.graphicsenv" value="sun.awt.Win32GraphicsEnvironment"/>
    <property name="surefire.real.class.path" value="C:\Users\shimo\AppData\Local\Temp\surefire14187642152201764106\surefirebooter5557979170086399463.jar"/>
    <property name="user.script" value=""/>
    <property name="sun.management.compiler" value="HotSpot 64-Bit Tiered Compilers"/>
    <property name="java.runtime.version" value="11.0.8+10-LTS"/>
    <property name="user.name" value="shimo"/>
    <property name="path.separator" value=";"/>
    <property name="os.version" value="10.0"/>
    <property name="java.runtime.name" value="Java(TM) SE Runtime Environment"/>
    <property name="file.encoding" value="Cp1251"/>
    <property name="java.vm.name" value="Java HotSpot(TM) 64-Bit Server VM"/>
    <property name="java.vendor.version" value="18.9"/>
    <property name="localRepository" value="C:\Users\shimo\.m2\repository"/>
    <property name="java.vendor.url.bug" value="https://bugreport.java.com/bugreport/"/>
    <property name="java.io.tmpdir" value="C:\Users\shimo\AppData\Local\Temp\"/>
    <property name="idea.version" value="2020.3.2"/>
    <property name="java.version" value="11.0.8"/>
    <property name="user.dir" value="C:\Users\shimo\Desktop\NetCracker\NCTaskManager"/>
    <property name="os.arch" value="amd64"/>
    <property name="java.vm.specification.name" value="Java Virtual Machine Specification"/>
    <property name="java.awt.printerjob" value="sun.awt.windows.WPrinterJob"/>
    <property name="sun.os.patch.level" value=""/>
    <property name="java.library.path" value="C:\Program Files\Java\jdk-11.0.8\bin;C:\Windows\Sun\Java\bin;C:\Windows\system32;C:\Windows;C:\Program Files\Scripts\;C:\Program Files\;C:\Program Files\Java\jdk-11.0.8\bin;C:\Program Files\Common Files\Oracle\Java\javapath;C:\Windows\system32;C:\Windows;C:\Windows\System32\Wbem;C:\Program Files\Git\cmd;C:\Program Files\dotnet\;C:\Program Files\Microsoft SQL Server\130\Tools\Binn\;C:\Program Files\Microsoft SQL Server\Client SDK\ODBC\170\Tools\Binn\;C:\Users\shimo\AppData\Local\Microsoft\WindowsApps;C:\Program Files\Java\jdk-11.0.8\bin;;C:\Users\shimo\AppData\Local\Programs\Microsoft VS Code\bin;C:\Program Files\JetBrains\PyCharm Community Edition 2020.2.3\bin;;C:\Program Files\JetBrains\IntelliJ IDEA 2020.3.2\bin;;C:\Users\shimo\.dotnet\tools;."/>
    <property name="java.vendor" value="Oracle Corporation"/>
    <property name="java.vm.info" value="mixed mode"/>
    <property name="java.vm.version" value="11.0.8+10-LTS"/>
    <property name="sun.io.unicode.encoding" value="UnicodeLittle"/>
    <property name="java.class.version" value="55.0"/>
  </properties>
  <testcase name="part1_testEqualsToItself" classname="com.netcracker.eductr.tasks.tests.T5_ArrayTaskListEqualsTest" time="0"/>
  <testcase name="part2_testEquals" classname="com.netcracker.eductr.tasks.tests.T5_ArrayTaskListEqualsTest" time="0">
    <failure message="Об&apos;єкти мають бути рівні: [] та []" type="java.lang.AssertionError"><![CDATA[java.lang.AssertionError: Об'єкти мають бути рівні: [] та []
	at com.netcracker.eductr.tasks.tests.T5_ArrayTaskListEqualsTest.part2_testEquals(T5_ArrayTaskListEqualsTest.java:34)
]]></failure>
  </testcase>
  <testcase name="part3_testEqualsChanged" classname="com.netcracker.eductr.tasks.tests.T5_ArrayTaskListEqualsTest" time="0.003">
    <failure message="Об&apos;єкти мають бути рівні: [Task{title:&apos;A&apos;,time:10,startTime:10,endTime:10,repeatInterval:0,active:false},Task{title:&apos;A&apos;,time:10,startTime:10,endTime:10,repeatInterval:0,active:false},Task{title:&apos;A&apos;,time:10,startTime:10,endTime:10,repeatInterval:0,active:false},Task{title:&apos;A&apos;,time:10,startTime:10,endTime:10,repeatInterval:0,active:false},Task{title:&apos;A&apos;,time:10,startTime:10,endTime:10,repeatInterval:0,active:false},Task{title:&apos;A&apos;,time:10,startTime:10,endTime:10,repeatInterval:0,active:false},Task{title:&apos;A&apos;,time:10,startTime:10,endTime:10,repeatInterval:0,active:false},Task{title:&apos;A&apos;,time:10,startTime:10,endTime:10,repeatInterval:0,active:false},Task{title:&apos;A&apos;,time:10,startTime:10,endTime:10,repeatInterval:0,active:false},Task{title:&apos;A&apos;,time:10,startTime:10,endTime:10,repeatInterval:0,active:false}] та [Task{title:&apos;A&apos;,time:10,startTime:10,endTime:10,repeatInterval:0,active:false},Task{title:&apos;A&apos;,time:10,startTime:10,endTime:10,repeatInterval:0,active:false},Task{title:&apos;A&apos;,time:10,startTime:10,endTime:10,repeatInterval:0,active:false},Task{title:&apos;A&apos;,time:10,startTime:10,endTime:10,repeatInterval:0,active:false},Task{title:&apos;A&apos;,time:10,startTime:10,endTime:10,repeatInterval:0,active:false},Task{title:&apos;A&apos;,time:10,startTime:10,endTime:10,repeatInterval:0,active:false},Task{title:&apos;A&apos;,time:10,startTime:10,endTime:10,repeatInterval:0,active:false},Task{title:&apos;A&apos;,time:10,startTime:10,endTime:10,repeatInterval:0,active:false},Task{title:&apos;A&apos;,time:10,startTime:10,endTime:10,repeatInterval:0,active:false},Task{title:&apos;A&apos;,time:10,startTime:10,endTime:10,repeatInterval:0,active:false}]" type="java.lang.AssertionError"><![CDATA[java.lang.AssertionError: Об'єкти мають бути рівні: [Task{title:'A',time:10,startTime:10,endTime:10,repeatInterval:0,active:false},Task{title:'A',time:10,startTime:10,endTime:10,repeatInterval:0,active:false},Task{title:'A',time:10,startTime:10,endTime:10,repeatInterval:0,active:false},Task{title:'A',time:10,startTime:10,endTime:10,repeatInterval:0,active:false},Task{title:'A',time:10,startTime:10,endTime:10,repeatInterval:0,active:false},Task{title:'A',time:10,startTime:10,endTime:10,repeatInterval:0,active:false},Task{title:'A',time:10,startTime:10,endTime:10,repeatInterval:0,active:false},Task{title:'A',time:10,startTime:10,endTime:10,repeatInterval:0,active:false},Task{title:'A',time:10,startTime:10,endTime:10,repeatInterval:0,active:false},Task{title:'A',time:10,startTime:10,endTime:10,repeatInterval:0,active:false}] та [Task{title:'A',time:10,startTime:10,endTime:10,repeatInterval:0,active:false},Task{title:'A',time:10,startTime:10,endTime:10,repeatInterval:0,active:false},Task{title:'A',time:10,startTime:10,endTime:10,repeatInterval:0,active:false},Task{title:'A',time:10,startTime:10,endTime:10,repeatInterval:0,active:false},Task{title:'A',time:10,startTime:10,endTime:10,repeatInterval:0,active:false},Task{title:'A',time:10,startTime:10,endTime:10,repeatInterval:0,active:false},Task{title:'A',time:10,startTime:10,endTime:10,repeatInterval:0,active:false},Task{title:'A',time:10,startTime:10,endTime:10,repeatInterval:0,active:false},Task{title:'A',time:10,startTime:10,endTime:10,repeatInterval:0,active:false},Task{title:'A',time:10,startTime:10,endTime:10,repeatInterval:0,active:false}]
	at com.netcracker.eductr.tasks.tests.T5_ArrayTaskListEqualsTest.part3_testEqualsChanged(T5_ArrayTaskListEqualsTest.java:45)
]]></failure>
    <system-out><![CDATA[15
20
25
30
35
40
45
50
55
60
15
20
25
30
35
40
45
50
55
60
65
70
75
80
85
90
95
100
105
110
65
70
75
80
85
90
95
100
105
110
]]></system-out>
  </testcase>
  <testcase name="part4_testEqualsNull" classname="com.netcracker.eductr.tasks.tests.T5_ArrayTaskListEqualsTest" time="0">
    <system-out><![CDATA[15
20
25
30
35
40
45
50
55
60
]]></system-out>
  </testcase>
  <testcase name="part5_testEqualsToString" classname="com.netcracker.eductr.tasks.tests.T5_ArrayTaskListEqualsTest" time="0">
    <system-out><![CDATA[15
20
25
30
35
40
45
50
55
60
]]></system-out>
  </testcase>
  <testcase name="part6_testHashCode" classname="com.netcracker.eductr.tasks.tests.T5_ArrayTaskListEqualsTest" time="0.001">
    <failure message="Хеш-коди для [Task{title:&apos;A&apos;,time:10,startTime:10,endTime:10,repeatInterval:0,active:false},Task{title:&apos;A&apos;,time:10,startTime:10,endTime:10,repeatInterval:0,active:false},Task{title:&apos;A&apos;,time:10,startTime:10,endTime:10,repeatInterval:0,active:false},Task{title:&apos;A&apos;,time:10,startTime:10,endTime:10,repeatInterval:0,active:false},Task{title:&apos;A&apos;,time:10,startTime:10,endTime:10,repeatInterval:0,active:false},Task{title:&apos;A&apos;,time:10,startTime:10,endTime:10,repeatInterval:0,active:false},Task{title:&apos;A&apos;,time:10,startTime:10,endTime:10,repeatInterval:0,active:false},Task{title:&apos;A&apos;,time:10,startTime:10,endTime:10,repeatInterval:0,active:false},Task{title:&apos;A&apos;,time:10,startTime:10,endTime:10,repeatInterval:0,active:false},Task{title:&apos;A&apos;,time:10,startTime:10,endTime:10,repeatInterval:0,active:false}] (454325163) та [Task{title:&apos;A&apos;,time:10,startTime:10,endTime:10,repeatInterval:0,active:false},Task{title:&apos;A&apos;,time:10,startTime:10,endTime:10,repeatInterval:0,active:false},Task{title:&apos;A&apos;,time:10,startTime:10,endTime:10,repeatInterval:0,active:false},Task{title:&apos;A&apos;,time:10,startTime:10,endTime:10,repeatInterval:0,active:false},Task{title:&apos;A&apos;,time:10,startTime:10,endTime:10,repeatInterval:0,active:false},Task{title:&apos;A&apos;,time:10,startTime:10,endTime:10,repeatInterval:0,active:false},Task{title:&apos;A&apos;,time:10,startTime:10,endTime:10,repeatInterval:0,active:false},Task{title:&apos;A&apos;,time:10,startTime:10,endTime:10,repeatInterval:0,active:false},Task{title:&apos;A&apos;,time:10,startTime:10,endTime:10,repeatInterval:0,active:false},Task{title:&apos;A&apos;,time:10,startTime:10,endTime:10,repeatInterval:0,active:false}] (796667727) мають бути рівні" type="java.lang.AssertionError"><![CDATA[java.lang.AssertionError: Хеш-коди для [Task{title:'A',time:10,startTime:10,endTime:10,repeatInterval:0,active:false},Task{title:'A',time:10,startTime:10,endTime:10,repeatInterval:0,active:false},Task{title:'A',time:10,startTime:10,endTime:10,repeatInterval:0,active:false},Task{title:'A',time:10,startTime:10,endTime:10,repeatInterval:0,active:false},Task{title:'A',time:10,startTime:10,endTime:10,repeatInterval:0,active:false},Task{title:'A',time:10,startTime:10,endTime:10,repeatInterval:0,active:false},Task{title:'A',time:10,startTime:10,endTime:10,repeatInterval:0,active:false},Task{title:'A',time:10,startTime:10,endTime:10,repeatInterval:0,active:false},Task{title:'A',time:10,startTime:10,endTime:10,repeatInterval:0,active:false},Task{title:'A',time:10,startTime:10,endTime:10,repeatInterval:0,active:false}] (454325163) та [Task{title:'A',time:10,startTime:10,endTime:10,repeatInterval:0,active:false},Task{title:'A',time:10,startTime:10,endTime:10,repeatInterval:0,active:false},Task{title:'A',time:10,startTime:10,endTime:10,repeatInterval:0,active:false},Task{title:'A',time:10,startTime:10,endTime:10,repeatInterval:0,active:false},Task{title:'A',time:10,startTime:10,endTime:10,repeatInterval:0,active:false},Task{title:'A',time:10,startTime:10,endTime:10,repeatInterval:0,active:false},Task{title:'A',time:10,startTime:10,endTime:10,repeatInterval:0,active:false},Task{title:'A',time:10,startTime:10,endTime:10,repeatInterval:0,active:false},Task{title:'A',time:10,startTime:10,endTime:10,repeatInterval:0,active:false},Task{title:'A',time:10,startTime:10,endTime:10,repeatInterval:0,active:false}] (796667727) мають бути рівні
	at com.netcracker.eductr.tasks.tests.T5_ArrayTaskListEqualsTest.part6_testHashCode(T5_ArrayTaskListEqualsTest.java:68)
]]></failure>
    <system-out><![CDATA[15
20
25
30
35
40
45
50
55
60
15
20
25
30
35
40
45
50
55
60
65
70
75
80
85
90
95
100
105
110
65
70
75
80
85
90
95
100
105
110
]]></system-out>
  </testcase>
</testsuite>